<?xml version="1.0" encoding="UTF-8"?>
<!-- Generated by org.testng.reporters.JUnitXMLReporter -->
<testsuite ignored="6" hostname="Banan-Abusubaih" failures="0" tests="1" name="Default test" time="59.556" errors="0" timestamp="2025-01-05T22:32:49 EET">
  <testcase classname="newwebsite.testing" name="newtap" time="2.242"/>
  <testcase classname="newwebsite.testing" name="RadioButten" time="0.0">
    <ignored/>
  </testcase> <!-- RadioButten -->
  <testcase classname="newwebsite.testing" name="alertandconfirm" time="0.0">
    <ignored/>
  </testcase> <!-- alertandconfirm -->
  <testcase classname="newwebsite.testing" name="newwindow" time="0.0">
    <ignored/>
  </testcase> <!-- newwindow -->
  <testcase classname="newwebsite.testing" name="dinamicdropdown" time="0.0">
    <ignored/>
  </testcase> <!-- dinamicdropdown -->
  <testcase classname="newwebsite.testing" name="checkbox" time="0.0">
    <ignored/>
  </testcase> <!-- checkbox -->
  <testcase classname="newwebsite.testing" name="staticdropdown" time="0.0">
    <ignored/>
  </testcase> <!-- staticdropdown -->
</testsuite> <!-- Default test -->
